<?xml version="1.0" encoding="UTF-8"?>
<testsuite xmlns:xsi="http://www.w3.org/2001/XMLSchema-instance" xsi:noNamespaceSchemaLocation="https://maven.apache.org/surefire/maven-surefire-plugin/xsd/surefire-test-report.xsd" name="person.PersonTest" time="0.163" tests="8" errors="0" skipped="0" failures="0">
  <properties>
[...]
</properties>
  <testcase name="listaSoloUnHombre" classname="person.PersonTest" time="0.082"/>
  <testcase name="constructorNombreVacio" classname="person.PersonTest" time="0.006"/>
  <testcase name="listaSoloUnaMujer" classname="person.PersonTest" time="0.002"/>
  <testcase name="constructorGeneroErroneo" classname="person.PersonTest" time="0.003"/>
  <testcase name="constructorNombreNulo" classname="person.PersonTest" time="0.003"/>
  <testcase name="constructorEdadNegativa" classname="person.PersonTest" time="0.003"/>
  <testcase name="listaUnHombreUnaMujer" classname="person.PersonTest" time="0.002"/>
  <testcase name="listaVarios" classname="person.PersonTest" time="0.001"/>
</testsuite>